

Microchip Technology PIC LITE Macro Assembler V1.40 build -251452761 
                                                                                               Mon Jan 23 11:23:16 2017

Microchip Technology Omniscient Code Generator v1.40 (Free mode) build 201612010151
     1                           	processor	16F84A
     2                           	opt	pw 120
     3                           	opt	lm
     4                           	psect	cinit,global,class=CODE,merge=1,delta=2
     5                           	psect	cstackCOMMON,global,class=COMMON,space=1,delta=1
     6                           	psect	cstackBANK0,global,class=BANK0,space=1,delta=1
     7                           	psect	maintext,global,class=CODE,split=1,delta=2
     8                           	dabs	1,0x4E,2
     9  0000                     
    10                           ; Version 1.40
    11                           ; Generated 01/12/2016 GMT
    12                           ; 
    13                           ; Copyright © 2016, Microchip Technology Inc. and its subsidiaries ("Microchip")
    14                           ; All rights reserved.
    15                           ; 
    16                           ; This software is developed by Microchip Technology Inc. and its subsidiaries ("Microch
      +                          ip").
    17                           ; 
    18                           ; Redistribution and use in source and binary forms, with or without modification, are
    19                           ; permitted provided that the following conditions are met:
    20                           ; 
    21                           ;     1. Redistributions of source code must retain the above copyright notice, this lis
      +                          t of
    22                           ;        conditions and the following disclaimer.
    23                           ; 
    24                           ;     2. Redistributions in binary form must reproduce the above copyright notice, this 
      +                          list
    25                           ;        of conditions and the following disclaimer in the documentation and/or other
    26                           ;        materials provided with the distribution.
    27                           ; 
    28                           ;     3. Microchip's name may not be used to endorse or promote products derived from th
      +                          is
    29                           ;        software without specific prior written permission.
    30                           ; 
    31                           ; THIS SOFTWARE IS PROVIDED BY MICROCHIP "AS IS" AND ANY EXPRESS OR IMPLIED WARRANTIES,
    32                           ; INCLUDING, BUT NOT LIMITED TO, THE IMPLIED WARRANTIES OF MERCHANTABILITY AND FITNESS F
      +                          OR
    33                           ; PURPOSE ARE DISCLAIMED.  IN NO EVENT SHALL MICROCHIP BE LIABLE FOR ANY DIRECT, INDIREC
      +                          T,
    34                           ; INCIDENTAL, SPECIAL, EXEMPLARY, OR CONSEQUENTIAL DAMAGES (INCLUDING BUT NOT LIMITED TO
    35                           ; PROCUREMENT OF SUBSTITUTE GOODS OR SERVICES; LOSS OF USE, DATA OR PROFITS; OR BUSINESS
    36                           ; INTERRUPTION) HOWSOEVER CAUSED AND ON ANY THEORY OF LIABILITY, WHETHER IN CONTRACT, ST
      +                          RICT
    37                           ; LIABILITY, OR TORT (INCLUDING NEGLIGENCE OR OTHERWISE) ARISING IN ANY WAY OUT OF THE U
      +                          SE OF
    38                           ; THIS SOFTWARE, EVEN IF ADVISED OF THE POSSIBILITY OF SUCH DAMAGE.
    39                           ; 
    40                           ; 
    41                           ; Code-generator required, PIC16F84A Definitions
    42                           ; 
    43                           ; SFR Addresses
    44  0000                     	;# 
    45  0001                     	;# 
    46  0002                     	;# 
    47  0003                     	;# 
    48  0004                     	;# 
    49  0005                     	;# 
    50  0006                     	;# 
    51  0008                     	;# 
    52  0009                     	;# 
    53  000A                     	;# 
    54  000B                     	;# 
    55  0081                     	;# 
    56  0085                     	;# 
    57  0086                     	;# 
    58  0088                     	;# 
    59  0089                     	;# 
    60  0006                     _PORTB	set	6
    61  0030                     _RB0	set	48
    62  0031                     _RB1	set	49
    63  0086                     _TRISB	set	134
    64                           
    65                           	psect	cinit
    66  03FE                     start_initialization:	
    67                           ; #config settings
    68                           
    69  03FE                     __initialization:	
    70  03FE                     end_of_initialization:	
    71                           ;End of C runtime variable initialization code
    72                           
    73  03FE                     __end_of__initialization:	
    74  03FE  0183               	clrf	3
    75  03FF  2BF1               	ljmp	_main	;jump to C main() function
    76                           
    77                           	psect	cstackCOMMON
    78  0000                     __pcstackCOMMON:	
    79  0000                     ??_main:	
    80                           
    81                           	psect	cstackBANK0
    82  0000                     __pcstackBANK0:	
    83                           ; 1 bytes @ 0x0
    84                           
    85  0000                     ?_main:	
    86                           
    87                           	psect	maintext
    88  03F1                     __pmaintext:	
    89                           ; 1 bytes @ 0x0
    90 ;;
    91 ;;Main: autosize = 0, tempsize = 0, incstack = 0, save=0
    92 ;;
    93 ;; *************** function _main *****************
    94 ;; Defined at:
    95 ;;		line 11 in file "main.c"
    96 ;; Parameters:    Size  Location     Type
    97 ;;		None
    98 ;; Auto vars:     Size  Location     Type
    99 ;;		None
   100 ;; Return value:  Size  Location     Type
   101 ;;                  1    wreg      void 
   102 ;; Registers used:
   103 ;;		wreg, status,2
   104 ;; Tracked objects:
   105 ;;		On entry : B00/0
   106 ;;		On exit  : 0/0
   107 ;;		Unchanged: 0/0
   108 ;; Data sizes:     COMMON   BANK0
   109 ;;      Params:         0       0
   110 ;;      Locals:         0       0
   111 ;;      Temps:          0       0
   112 ;;      Totals:         0       0
   113 ;;Total ram usage:        0 bytes
   114 ;; This function calls:
   115 ;;		Nothing
   116 ;; This function is called by:
   117 ;;		Startup code after reset
   118 ;; This function uses a non-reentrant model
   119 ;;
   120                           
   121                           
   122                           ;psect for function _main
   123  03F1                     _main:	
   124                           
   125                           ;main.c: 13: TRISB = 0xFE;
   126                           
   127                           ;incstack = 0
   128                           ; Regs used in _main: [wreg+status,2]
   129  03F1  30FE               	movlw	254
   130  03F2  1683               	bsf	3,5	;RP0=1, select bank1
   131  03F3  0086               	movwf	6	;volatile
   132                           
   133                           ;main.c: 14: PORTB = PORTB & 0xFE;
   134  03F4  1283               	bcf	3,5	;RP0=0, select bank0
   135  03F5  0806               	movf	6,w	;volatile
   136  03F6  39FE               	andlw	254
   137  03F7  0086               	movwf	6	;volatile
   138  03F8  2BFA               	goto	l488
   139  03F9                     l490:	
   140                           
   141                           ;main.c: 19: RB0 = 1;
   142  03F9  1406               	bsf	6,0	;volatile
   143  03FA                     l488:	
   144                           ;main.c: 16: while(1) {
   145                           
   146                           ;main.c: 20: } else {
   147                           
   148                           
   149                           ;main.c: 18: if( RB1 == 1 ) {
   150  03FA  1886               	btfsc	6,1	;volatile
   151  03FB  2BF9               	goto	l490
   152                           
   153                           ;main.c: 21: RB0 = 0;
   154  03FC  1006               	bcf	6,0	;volatile
   155  03FD  2BFA               	goto	l488
   156  03FE                     __end_of_main:	
   157                           ;main.c: 22: }
   158                           ;main.c: 23: }
   159                           ;main.c: 25: return;
   160                           
   161  004E                     btemp	set	78	;btemp
   162  004E                     wtemp0	set	78


Data Sizes:
    Strings     0
    Constant    0
    Data        0
    BSS         0
    Persistent  0
    Stack       0

Auto Spaces:
    Space          Size  Autos    Used
    COMMON            0      0       0
    BANK0            66      0       0

Pointer List with Targets:

    None.

Critical Paths under _main in COMMON

    None.

Critical Paths under _main in BANK0

    None.

Call Graph Tables:

 ---------------------------------------------------------------------------------
 (Depth) Function   	        Calls       Base Space   Used Autos Params    Refs
 ---------------------------------------------------------------------------------
 (0) _main                                                 0     0      0       0
 ---------------------------------------------------------------------------------
 Estimated maximum stack depth 0
 ---------------------------------------------------------------------------------

 Call Graph Graphs:

 _main (ROOT)

 Address spaces:
Name               Size   Autos  Total    Cost      Usage
BITCOMMON            0      0       0       0        0.0%
EEDATA              40      0       0       0        0.0%
NULL                 0      0       0       0        0.0%
CODE                 0      0       0       0        0.0%
BITSFR0              0      0       0       1        0.0%
SFR0                 0      0       0       1        0.0%
COMMON               0      0       0       1        0.0%
BITSFR1              0      0       0       2        0.0%
SFR1                 0      0       0       2        0.0%
STACK                0      0       0       2        0.0%
BANK0               42      0       0       3        0.0%
ABS                  0      0       0       4        0.0%
BITBANK0            42      0       0       5        0.0%
DATA                 0      0       0       6        0.0%


Microchip Technology PIC Macro Assembler V1.40 build -251452761 
Symbol Table                                                                                   Mon Jan 23 11:23:16 2017

                    l490 03F9                      l488 03FA                      _RB0 0030  
                    _RB1 0031                     _main 03F1                     btemp 004E  
                   start 0000                    ?_main 0000                    _PORTB 0006  
                  _TRISB 0086                    status 0003                    wtemp0 004E  
        __initialization 03FE             __end_of_main 03FE                   ??_main 0000  
__end_of__initialization 03FE           __pcstackCOMMON 0000               __pmaintext 03F1  
   end_of_initialization 03FE      start_initialization 03FE                ___latbits 0000  
          __pcstackBANK0 0000            __size_of_main 000D  
