MPASM 5.71                          MAIN.ASM   2-19-2017  22:17:38         PAGE  1


LOC  OBJECT CODE     LINE SOURCE TEXT
  VALUE

                      00001     
                      00002     #include p16f84.inc
                      00001         LIST
                      00002 
                      00003 ;==========================================================================
                      00004 ; Build date : Nov 17 2016
                      00005 ;  MPASM PIC16F84 processor include
                      00006 ; 
                      00007 ;  (c) Copyright 1999-2016 Microchip Technology, All rights reserved
                      00008 ;==========================================================================
                      00009 
Message[301]: MESSAGE: (Processor-header file mismatch.  Verify selected processor.)
                      00207         LIST
                      00003     
                      00004     #DEFINE BOUTON PORTA,0
                      00005     
                      00006 BANK0 MACRO
                      00007     BCF STATUS,RP0
                      00008     ENDM
                      00009     
                      00010 BANK1 MACRO
                      00011     BSF STATUS,RP0
                      00012     ENDM
                      00013     
                      00014     ORG 0x00
0000   2???           00015     GOTO START
                      00016     
                      00017 START ORG 0x05
                      00018     BANK1
0005   1683               M     BSF STATUS,RP0
0006   30FF           00019     MOVLW 0xFF
Message[302]: Register in operand not in bank 0.  Ensure that bank bits are correct.
0007   0085           00020     MOVWF TRISA
0008   3000           00021     MOVLW 0x00
Message[302]: Register in operand not in bank 0.  Ensure that bank bits are correct.
0009   0086           00022     MOVWF TRISB
                      00023     BANK0
000A   1283               M     BCF STATUS,RP0
000B   3000           00024     MOVLW 0x00
000C   0085           00025     MOVWF PORTA
000D   3000           00026     MOVLW 0x00
000E   0086           00027     MOVWF PORTB
                      00028 
000F                  00029 BOUCLE
000F   1C05           00030     BTFSS BOUTON
0010   2???           00031     GOTO BOUCLE
0011   2???           00032     GOTO SHOWONE
                      00033     
0012                  00034 SHOWONE
0012   3006           00035     MOVLW 0x06
0013   0086           00036     MOVWF PORTB
0014   1C05           00037     BTFSS BOUTON
0015   2???           00038     GOTO BOUCLE
MPASM 5.71                          MAIN.ASM   2-19-2017  22:17:38         PAGE  2


LOC  OBJECT CODE     LINE SOURCE TEXT
  VALUE

0016   2???           00039     GOTO SHOWTWO
                      00040     
0017                  00041 SHOWTWO
0017   305B           00042     MOVLW 0x5B
0018   0086           00043     MOVWF PORTB
0019   1C05           00044     BTFSS BOUTON
001A   2???           00045     GOTO BOUCLE
001B   2???           00046     GOTO SHOWTHREE
                      00047     
001C                  00048 SHOWTHREE
001C   304F           00049     MOVLW 0x4F
001D   0086           00050     MOVWF PORTB
001E   1C05           00051     BTFSS BOUTON
001F   2???           00052     GOTO BOUCLE
0020   2???           00053     GOTO SHOWFOUR
                      00054     
0021                  00055 SHOWFOUR
0021   3066           00056     MOVLW 0x66
0022   0086           00057     MOVWF PORTB
0023   1C05           00058     BTFSS BOUTON
0024   2???           00059     GOTO BOUCLE
0025   2???           00060     GOTO SHOWFIVE
                      00061     
0026                  00062 SHOWFIVE
0026   306D           00063     MOVLW 0x6D
0027   0086           00064     MOVWF PORTB
0028   1C05           00065     BTFSS BOUTON
0029   2???           00066     GOTO BOUCLE
002A   2???           00067     GOTO SHOWSIX
                      00068     
002B                  00069 SHOWSIX
002B   307D           00070     MOVLW 0x7D
002C   0086           00071     MOVWF PORTB
002D   1C05           00072     BTFSS BOUTON
002E   2???           00073     GOTO BOUCLE
002F   2???           00074     GOTO SHOWONE
                      00075     
Warning[205]: Found directive in column 1. (END)
                      00076 END
MPASM 5.71                          MAIN.ASM   2-19-2017  22:17:38         PAGE  3


SYMBOL TABLE
  LABEL                             VALUE 

BANK0                             
BANK1                             
BOUCLE                            0000000F
BOUTON                            PORTA,0
C                                 00000000
DC                                00000001
EEADR                             00000009
EECON1                            00000088
EECON2                            00000089
EEDATA                            00000008
EEIE                              00000006
EEIF                              00000004
F                                 00000001
FSR                               00000004
GIE                               00000007
INDF                              00000000
INTCON                            0000000B
INTE                              00000004
INTEDG                            00000006
INTF                              00000001
IRP                               00000007
NOT_PD                            00000003
NOT_RBPU                          00000007
NOT_TO                            00000004
OPTION_REG                        00000081
PCL                               00000002
PCLATH                            0000000A
PORTA                             00000005
PORTB                             00000006
PS0                               00000000
PS1                               00000001
PS2                               00000002
PSA                               00000003
RA0                               00000000
RA1                               00000001
RA2                               00000002
RA3                               00000003
RA4                               00000004
RB0                               00000000
RB1                               00000001
RB2                               00000002
RB3                               00000003
RB4                               00000004
RB5                               00000005
RB6                               00000006
RB7                               00000007
RBIE                              00000003
RBIF                              00000000
RD                                00000000
RP0                               00000005
RP1                               00000006
SHOWFIVE                          00000026
SHOWFOUR                          00000021
MPASM 5.71                          MAIN.ASM   2-19-2017  22:17:38         PAGE  4


SYMBOL TABLE
  LABEL                             VALUE 

SHOWONE                           00000012
SHOWSIX                           0000002B
SHOWTHREE                         0000001C
SHOWTWO                           00000017
START                             00000005
STATUS                            00000003
T0CS                              00000005
T0IE                              00000005
T0IF                              00000002
T0SE                              00000004
TMR0                              00000001
TMR0IE                            00000005
TMR0IF                            00000002
TRISA                             00000085
TRISA0                            00000000
TRISA1                            00000001
TRISA2                            00000002
TRISA3                            00000003
TRISA4                            00000004
TRISB                             00000086
TRISB0                            00000000
TRISB1                            00000001
TRISB2                            00000002
TRISB3                            00000003
TRISB4                            00000004
TRISB5                            00000005
TRISB6                            00000006
TRISB7                            00000007
W                                 00000000
WR                                00000001
WREN                              00000002
WRERR                             00000003
Z                                 00000002
_CONFIG                           00002007
_CP_OFF                           00003FFF
_CP_ON                            0000000F
_FOSC_EXTRC                       00003FFF
_FOSC_HS                          00003FFE
_FOSC_LP                          00003FFC
_FOSC_XT                          00003FFD
_HS_OSC                           00003FFE
_IDLOC0                           00002000
_IDLOC1                           00002001
_IDLOC2                           00002002
_IDLOC3                           00002003
_LP_OSC                           00003FFC
_PWRTE_OFF                        00003FFF
_PWRTE_ON                         00003FF7
_RC_OSC                           00003FFF
_WDTE_OFF                         00003FFB
_WDTE_ON                          00003FFF
_WDT_OFF                          00003FFB
_WDT_ON                           00003FFF
MPASM 5.71                          MAIN.ASM   2-19-2017  22:17:38         PAGE  5


SYMBOL TABLE
  LABEL                             VALUE 

_XT_OSC                           00003FFD
__16F84A                          00000001

Errors   :     0
Warnings :     1 reported,     0 suppressed
Messages :     3 reported,     0 suppressed

