MPASM 5.71                          MAIN.ASM   2-20-2017  11:43:38         PAGE  1


LOC  OBJECT CODE     LINE SOURCE TEXT
  VALUE

                      00001     
                      00002     #include p16f84.inc
                      00001         LIST
                      00002 
                      00003 ;==========================================================================
                      00004 ; Build date : Nov 17 2016
                      00005 ;  MPASM PIC16F84 processor include
                      00006 ; 
                      00007 ;  (c) Copyright 1999-2016 Microchip Technology, All rights reserved
                      00008 ;==========================================================================
                      00009 
Message[301]: MESSAGE: (Processor-header file mismatch.  Verify selected processor.)
                      00207         LIST
                      00003     
                      00004     #DEFINE BOUTON PORTA,0
  0000000D            00005 COMPT1 EQU 0x0D
  0000000E            00006 COMPT2 EQU 0x0E
                      00007     
                      00008 BANK0 MACRO
                      00009     BCF STATUS,RP0
                      00010     ENDM
                      00011     
                      00012 BANK1 MACRO
                      00013     BSF STATUS,RP0
                      00014     ENDM
                      00015     
                      00016     ORG 0x00
0000   2???           00017     GOTO START
                      00018     
                      00019 START ORG 0x05
                      00020     BANK1
0005   1683               M     BSF STATUS,RP0
0006   30FF           00021     MOVLW 0xFF
Message[302]: Register in operand not in bank 0.  Ensure that bank bits are correct.
0007   0085           00022     MOVWF TRISA
Message[302]: Register in operand not in bank 0.  Ensure that bank bits are correct.
0008   0186           00023     CLRF TRISB
                      00024     BANK0
0009   1283               M     BCF STATUS,RP0
000A   0185           00025     CLRF PORTA
000B   0186           00026     CLRF PORTB
000C   3001           00027     MOVLW 0x01
000D   008D           00028     MOVWF COMPT1
                      00029 
000E                  00030 BOUCLE
                      00031     ;BTFSS BOUTON
                      00032     ;GOTO BOUCLE
000E   2???           00033     CALL AFFICHER
000F   0086           00034     MOVWF PORTB
0010   2???           00035     CALL INCREMENT
                      00036     ;CALL ATTENTE
0011   2???           00037     GOTO BOUCLE
                      00038     
MPASM 5.71                          MAIN.ASM   2-20-2017  11:43:38         PAGE  2


LOC  OBJECT CODE     LINE SOURCE TEXT
  VALUE

0012                  00039 ATTENTE
0012   30BE           00040     MOVLW .190
0013   008E           00041     MOVWF COMPT2
0014                  00042 DELAI
Message[305]: Using default destination of 1 (file).
0014   0B8E           00043     DECFSZ COMPT2
0015   2???           00044     GOTO DELAI
0016   0008           00045     RETURN
                      00046     
                      00047 ;INCREMENT ==> premiere methode, tricky code! mais correcte
                      00048 ;    MOVLW 0x06
                      00049 ;    SUBLW COMPT1,0
                      00050 ;    BTFSC STATUS,Z
                      00051 ;    CLRF COMPT1
                      00052 ;    INCF COMPT1,1
                      00053 ;    RETURN
                      00054     
0017                  00055 INCREMENT
0017   3006           00056     MOVLW 0x06
0018   020D           00057     SUBWF COMPT1,0
0019   1D03           00058     BTFSS STATUS,Z
001A   2???           00059     GOTO CAS1
001B   2???           00060     GOTO CAS2
                      00061     
001C                  00062 CAS1
001C   0A8D           00063     INCF COMPT1,1
001D   0008           00064     RETURN
                      00065     
001E                  00066 CAS2
001E   3001           00067     MOVLW .1
001F   008D           00068     MOVWF COMPT1
0020   0008           00069     RETURN
                      00070     
0021                  00071 AFFICHER
0021   080D           00072     MOVF COMPT1,0
0022   0782           00073     ADDWF PCL,1
0023   3406           00074     RETLW 0x06
0024   345B           00075     RETLW 0x5B
0025   344F           00076     RETLW 0x4F
0026   3466           00077     RETLW 0x66
0027   346D           00078     RETLW 0x6D
0028   347D           00079     RETLW 0x7D
0029   0008           00080     RETURN
                      00081 
                      00082     END
MPASM 5.71                          MAIN.ASM   2-20-2017  11:43:38         PAGE  3


SYMBOL TABLE
  LABEL                             VALUE 

AFFICHER                          00000021
ATTENTE                           00000012
BANK0                             
BANK1                             
BOUCLE                            0000000E
BOUTON                            PORTA,0
C                                 00000000
CAS1                              0000001C
CAS2                              0000001E
COMPT1                            0000000D
COMPT2                            0000000E
DC                                00000001
DELAI                             00000014
EEADR                             00000009
EECON1                            00000088
EECON2                            00000089
EEDATA                            00000008
EEIE                              00000006
EEIF                              00000004
F                                 00000001
FSR                               00000004
GIE                               00000007
INCREMENT                         00000017
INDF                              00000000
INTCON                            0000000B
INTE                              00000004
INTEDG                            00000006
INTF                              00000001
IRP                               00000007
NOT_PD                            00000003
NOT_RBPU                          00000007
NOT_TO                            00000004
OPTION_REG                        00000081
PCL                               00000002
PCLATH                            0000000A
PORTA                             00000005
PORTB                             00000006
PS0                               00000000
PS1                               00000001
PS2                               00000002
PSA                               00000003
RA0                               00000000
RA1                               00000001
RA2                               00000002
RA3                               00000003
RA4                               00000004
RB0                               00000000
RB1                               00000001
RB2                               00000002
RB3                               00000003
RB4                               00000004
RB5                               00000005
RB6                               00000006
MPASM 5.71                          MAIN.ASM   2-20-2017  11:43:38         PAGE  4


SYMBOL TABLE
  LABEL                             VALUE 

RB7                               00000007
RBIE                              00000003
RBIF                              00000000
RD                                00000000
RP0                               00000005
RP1                               00000006
START                             00000005
STATUS                            00000003
T0CS                              00000005
T0IE                              00000005
T0IF                              00000002
T0SE                              00000004
TMR0                              00000001
TMR0IE                            00000005
TMR0IF                            00000002
TRISA                             00000085
TRISA0                            00000000
TRISA1                            00000001
TRISA2                            00000002
TRISA3                            00000003
TRISA4                            00000004
TRISB                             00000086
TRISB0                            00000000
TRISB1                            00000001
TRISB2                            00000002
TRISB3                            00000003
TRISB4                            00000004
TRISB5                            00000005
TRISB6                            00000006
TRISB7                            00000007
W                                 00000000
WR                                00000001
WREN                              00000002
WRERR                             00000003
Z                                 00000002
_CONFIG                           00002007
_CP_OFF                           00003FFF
_CP_ON                            0000000F
_FOSC_EXTRC                       00003FFF
_FOSC_HS                          00003FFE
_FOSC_LP                          00003FFC
_FOSC_XT                          00003FFD
_HS_OSC                           00003FFE
_IDLOC0                           00002000
_IDLOC1                           00002001
_IDLOC2                           00002002
_IDLOC3                           00002003
_LP_OSC                           00003FFC
_PWRTE_OFF                        00003FFF
_PWRTE_ON                         00003FF7
_RC_OSC                           00003FFF
_WDTE_OFF                         00003FFB
_WDTE_ON                          00003FFF
MPASM 5.71                          MAIN.ASM   2-20-2017  11:43:38         PAGE  5


SYMBOL TABLE
  LABEL                             VALUE 

_WDT_OFF                          00003FFB
_WDT_ON                           00003FFF
_XT_OSC                           00003FFD
__16F84A                          00000001
__DEBUG                           
__MPLAB_DEBUGGER_SIMULATOR        1

Errors   :     0
Warnings :     0 reported,     0 suppressed
Messages :     4 reported,     0 suppressed

